<?xml version="1.0" encoding="UTF-8"?>
<!-- Generated by org.testng.reporters.JUnitReportReporter -->
<testsuite hostname="DESKTOP-I7J6NN2" name="com.eample.AddtonApp.AppTest" tests="1" failures="0" timestamp="3 May 2022 15:51:15 GMT" time="0.009" errors="0">
  <testcase name="testApp" time="0.009" classname="com.eample.AddtonApp.AppTest"/>
</testsuite> <!-- com.eample.AddtonApp.AppTest -->
